2012-12-04 15:17:43 Notice: Notice (8): Undefined index: Recipients in [/var/www/cake/shoutblast/views/recipients/index.ctp, line 31]
2012-12-04 15:58:48 Notice: Notice (8): Undefined property: Recipient::$ListType in [/var/www/cake/shoutblast/controllers/recipients_controller.php, line 55]
2012-12-04 16:00:03 Notice: Notice (8): Undefined property: Recipient::$ListType in [/var/www/cake/shoutblast/controllers/recipients_controller.php, line 55]
2012-12-04 16:02:37 Notice: Notice (8): Undefined variable: users in [/var/www/cake/shoutblast/controllers/recipients_controller.php, line 56]
2012-12-04 16:07:39 Notice: Notice (8): Undefined property: Recipient::$Users in [/var/www/cake/shoutblast/controllers/recipients_controller.php, line 54]
2012-12-04 16:07:40 Notice: Notice (8): Undefined property: Recipient::$Users in [/var/www/cake/shoutblast/controllers/recipients_controller.php, line 54]
2012-12-05 10:34:21 Notice: Notice (8): Undefined variable: Recipient in [/var/www/cake/shoutblast/views/recipients/edit.ctp, line 11]
2012-12-05 10:35:12 Notice: Notice (8): Undefined property: View::$Recipient in [/var/www/cake/shoutblast/views/recipients/edit.ctp, line 11]
2012-12-05 10:39:12 Notice: Notice (8): Undefined variable: options in [/var/www/cake/shoutblast/views/recipients/edit.ctp, line 9]
2012-12-05 10:44:50 Notice: Notice (8): Undefined property: RecipientsController::$Setting in [/var/www/cake/shoutblast/controllers/recipients_controller.php, line 59]
2012-12-05 15:42:31 Notice: Notice (8): Undefined property: View::$Auth in [/var/www/cake/shoutblast/views/recipients/index.ctp, line 2]
2012-12-05 15:42:31 Notice: Notice (8): Trying to get property of non-object in [/var/www/cake/shoutblast/views/recipients/index.ctp, line 2]
2012-12-05 15:56:52 Notice: Notice (8): Undefined variable: recipients in [/var/www/cake/shoutblast/views/recipients/index.ctp, line 18]
2012-12-05 15:56:52 Notice: Notice (8): Undefined index: count in [/usr/share/php/cake/libs/view/helpers/paginator.php, line 543]
2012-12-05 15:56:52 Notice: Notice (8): Undefined index: options in [/usr/share/php/cake/libs/view/helpers/paginator.php, line 546]
2012-12-05 15:56:52 Notice: Notice (8): Undefined index: count in [/usr/share/php/cake/libs/view/helpers/paginator.php, line 547]
2012-12-05 15:56:52 Notice: Notice (8): Undefined index: count in [/usr/share/php/cake/libs/view/helpers/paginator.php, line 548]
2012-12-05 15:56:52 Notice: Notice (8): Undefined index: page in [/usr/share/php/cake/libs/view/helpers/paginator.php, line 564]
2012-12-05 15:56:52 Notice: Notice (8): Undefined index: current in [/usr/share/php/cake/libs/view/helpers/paginator.php, line 566]
2012-12-05 15:56:52 Notice: Notice (8): Undefined index: count in [/usr/share/php/cake/libs/view/helpers/paginator.php, line 567]
2012-12-05 15:56:52 Notice: Notice (8): Undefined index: pageCount in [/usr/share/php/cake/libs/view/helpers/paginator.php, line 619]
2012-12-05 15:57:38 Notice: Notice (8): Undefined variable: recipients in [/var/www/cake/shoutblast/views/recipients/index.ctp, line 18]
2012-12-05 15:57:38 Notice: Notice (8): Undefined index: count in [/usr/share/php/cake/libs/view/helpers/paginator.php, line 543]
2012-12-05 15:57:38 Notice: Notice (8): Undefined index: options in [/usr/share/php/cake/libs/view/helpers/paginator.php, line 546]
2012-12-05 15:57:38 Notice: Notice (8): Undefined index: count in [/usr/share/php/cake/libs/view/helpers/paginator.php, line 547]
2012-12-05 15:57:38 Notice: Notice (8): Undefined index: count in [/usr/share/php/cake/libs/view/helpers/paginator.php, line 548]
2012-12-05 15:57:38 Notice: Notice (8): Undefined index: page in [/usr/share/php/cake/libs/view/helpers/paginator.php, line 564]
2012-12-05 15:57:38 Notice: Notice (8): Undefined index: current in [/usr/share/php/cake/libs/view/helpers/paginator.php, line 566]
2012-12-05 15:57:38 Notice: Notice (8): Undefined index: count in [/usr/share/php/cake/libs/view/helpers/paginator.php, line 567]
2012-12-05 15:57:38 Notice: Notice (8): Undefined index: pageCount in [/usr/share/php/cake/libs/view/helpers/paginator.php, line 619]
2012-12-05 15:57:41 Notice: Notice (8): Undefined variable: recipients in [/var/www/cake/shoutblast/views/recipients/index.ctp, line 18]
2012-12-05 15:57:41 Notice: Notice (8): Undefined index: count in [/usr/share/php/cake/libs/view/helpers/paginator.php, line 543]
2012-12-05 15:57:41 Notice: Notice (8): Undefined index: options in [/usr/share/php/cake/libs/view/helpers/paginator.php, line 546]
2012-12-05 15:57:41 Notice: Notice (8): Undefined index: count in [/usr/share/php/cake/libs/view/helpers/paginator.php, line 547]
2012-12-05 15:57:41 Notice: Notice (8): Undefined index: count in [/usr/share/php/cake/libs/view/helpers/paginator.php, line 548]
2012-12-05 15:57:41 Notice: Notice (8): Undefined index: page in [/usr/share/php/cake/libs/view/helpers/paginator.php, line 564]
2012-12-05 15:57:41 Notice: Notice (8): Undefined index: current in [/usr/share/php/cake/libs/view/helpers/paginator.php, line 566]
2012-12-05 15:57:41 Notice: Notice (8): Undefined index: count in [/usr/share/php/cake/libs/view/helpers/paginator.php, line 567]
2012-12-05 15:57:41 Notice: Notice (8): Undefined index: pageCount in [/usr/share/php/cake/libs/view/helpers/paginator.php, line 619]
2012-12-05 15:58:32 Notice: Notice (8): Undefined variable: recipients in [/var/www/cake/shoutblast/views/recipients/index.ctp, line 18]
2012-12-05 16:13:08 Notice: Notice (8): Undefined property: Recipient::$User in [/var/www/cake/shoutblast/controllers/recipients_controller.php, line 11]
2012-12-05 16:13:08 Notice: Notice (8): Undefined index: ListType in [/var/www/cake/shoutblast/views/recipients/index.ctp, line 32]
2012-12-05 16:23:01 Notice: Notice (8): Undefined variable: recipients in [/var/www/cake/shoutblast/views/recipients/index.ctp, line 18]
2012-12-05 16:23:02 Notice: Notice (8): Undefined variable: recipients in [/var/www/cake/shoutblast/views/recipients/index.ctp, line 18]
2012-12-05 16:25:47 Notice: Notice (8): Undefined variable: recipients in [/var/www/cake/shoutblast/views/recipients/index.ctp, line 18]
2012-12-05 16:25:47 Notice: Notice (8): Undefined index: count in [/usr/share/php/cake/libs/view/helpers/paginator.php, line 543]
2012-12-05 16:25:47 Notice: Notice (8): Undefined index: options in [/usr/share/php/cake/libs/view/helpers/paginator.php, line 546]
2012-12-05 16:25:47 Notice: Notice (8): Undefined index: count in [/usr/share/php/cake/libs/view/helpers/paginator.php, line 547]
2012-12-05 16:25:47 Notice: Notice (8): Undefined index: count in [/usr/share/php/cake/libs/view/helpers/paginator.php, line 548]
2012-12-05 16:25:47 Notice: Notice (8): Undefined index: page in [/usr/share/php/cake/libs/view/helpers/paginator.php, line 564]
2012-12-05 16:25:47 Notice: Notice (8): Undefined index: current in [/usr/share/php/cake/libs/view/helpers/paginator.php, line 566]
2012-12-05 16:25:47 Notice: Notice (8): Undefined index: count in [/usr/share/php/cake/libs/view/helpers/paginator.php, line 567]
2012-12-05 16:25:47 Notice: Notice (8): Undefined index: pageCount in [/usr/share/php/cake/libs/view/helpers/paginator.php, line 619]
2012-12-05 16:25:50 Notice: Notice (8): Undefined variable: recipients in [/var/www/cake/shoutblast/views/recipients/index.ctp, line 18]
2012-12-05 16:25:50 Notice: Notice (8): Undefined index: count in [/usr/share/php/cake/libs/view/helpers/paginator.php, line 543]
2012-12-05 16:25:50 Notice: Notice (8): Undefined index: options in [/usr/share/php/cake/libs/view/helpers/paginator.php, line 546]
2012-12-05 16:25:50 Notice: Notice (8): Undefined index: count in [/usr/share/php/cake/libs/view/helpers/paginator.php, line 547]
2012-12-05 16:25:50 Notice: Notice (8): Undefined index: count in [/usr/share/php/cake/libs/view/helpers/paginator.php, line 548]
2012-12-05 16:25:50 Notice: Notice (8): Undefined index: page in [/usr/share/php/cake/libs/view/helpers/paginator.php, line 564]
2012-12-05 16:25:50 Notice: Notice (8): Undefined index: current in [/usr/share/php/cake/libs/view/helpers/paginator.php, line 566]
2012-12-05 16:25:50 Notice: Notice (8): Undefined index: count in [/usr/share/php/cake/libs/view/helpers/paginator.php, line 567]
2012-12-05 16:25:50 Notice: Notice (8): Undefined index: pageCount in [/usr/share/php/cake/libs/view/helpers/paginator.php, line 619]
2012-12-05 16:27:44 Notice: Notice (8): Undefined variable: recipients in [/var/www/cake/shoutblast/views/recipients/index.ctp, line 18]
2012-12-05 16:32:13 Notice: Notice (8): Undefined variable: recipient in [/var/www/cake/shoutblast/controllers/recipients_controller.php, line 14]
2012-12-05 16:32:57 Notice: Notice (8): Undefined variable: recipient in [/var/www/cake/shoutblast/controllers/recipients_controller.php, line 14]
2012-12-05 16:32:58 Notice: Notice (8): Undefined variable: recipient in [/var/www/cake/shoutblast/controllers/recipients_controller.php, line 14]
2012-12-05 16:32:59 Notice: Notice (8): Undefined variable: recipient in [/var/www/cake/shoutblast/controllers/recipients_controller.php, line 14]
2012-12-05 16:33:00 Notice: Notice (8): Undefined variable: recipient in [/var/www/cake/shoutblast/controllers/recipients_controller.php, line 14]
2012-12-05 16:33:02 Notice: Notice (8): Undefined variable: recipient in [/var/www/cake/shoutblast/controllers/recipients_controller.php, line 14]
2012-12-05 16:33:03 Notice: Notice (8): Undefined variable: recipient in [/var/www/cake/shoutblast/controllers/recipients_controller.php, line 14]
2012-12-05 16:33:05 Notice: Notice (8): Undefined variable: recipient in [/var/www/cake/shoutblast/controllers/recipients_controller.php, line 14]
2012-12-05 16:33:07 Notice: Notice (8): Undefined variable: recipient in [/var/www/cake/shoutblast/controllers/recipients_controller.php, line 14]
2012-12-05 16:33:09 Notice: Notice (8): Undefined variable: recipient in [/var/www/cake/shoutblast/controllers/recipients_controller.php, line 14]
2012-12-05 16:42:08 Notice: Notice (8): Undefined property: View::$Recipients in [/var/www/cake/shoutblast/views/recipients/index.ctp, line 4]
2012-12-05 16:42:16 Notice: Notice (8): Undefined property: View::$Recipient in [/var/www/cake/shoutblast/views/recipients/index.ctp, line 4]
2012-12-05 16:43:49 Notice: Notice (8): Undefined property: View::$Order in [/var/www/cake/shoutblast/views/recipients/index.ctp, line 4]
2012-12-05 16:45:26 Notice: Notice (8): Undefined property: View::$Recipient in [/var/www/cake/shoutblast/views/recipients/index.ctp, line 4]
2012-12-05 16:45:27 Notice: Notice (8): Undefined property: View::$Recipient in [/var/www/cake/shoutblast/views/recipients/index.ctp, line 4]
2012-12-05 16:47:03 Notice: Notice (8): Undefined property: View::$Recipient in [/var/www/cake/shoutblast/views/recipients/index.ctp, line 4]
2012-12-05 16:47:05 Notice: Notice (8): Undefined property: View::$Recipient in [/var/www/cake/shoutblast/views/recipients/index.ctp, line 4]
2012-12-05 16:48:02 Notice: Notice (8): Undefined property: View::$Recipient in [/var/www/cake/shoutblast/views/recipients/index.ctp, line 4]
2012-12-05 16:48:30 Notice: Notice (8): Undefined property: View::$Recipient in [/var/www/cake/shoutblast/views/recipients/index.ctp, line 4]
2012-12-05 16:48:31 Notice: Notice (8): Undefined property: View::$Recipient in [/var/www/cake/shoutblast/views/recipients/index.ctp, line 4]
2012-12-05 16:48:32 Notice: Notice (8): Undefined property: View::$Recipient in [/var/www/cake/shoutblast/views/recipients/index.ctp, line 4]
2012-12-05 16:48:33 Notice: Notice (8): Undefined property: View::$Recipient in [/var/www/cake/shoutblast/views/recipients/index.ctp, line 4]
2012-12-05 16:50:26 Notice: Notice (8): Undefined property: View::$Recipient in [/var/www/cake/shoutblast/views/recipients/index.ctp, line 4]
2012-12-05 16:53:38 Notice: Notice (8): Undefined variable: recipients in [/var/www/cake/shoutblast/views/recipients/index.ctp, line 6]
2012-12-05 16:53:39 Notice: Notice (8): Undefined variable: recipients in [/var/www/cake/shoutblast/views/recipients/index.ctp, line 6]
2012-12-05 17:00:14 Notice: Notice (8): Undefined variable: recipients in [/var/www/cake/shoutblast/views/recipients/index.ctp, line 6]
2012-12-05 17:10:45 Notice: Notice (8): Undefined index: id in [/var/www/cake/shoutblast/views/recipients/index.ctp, line 10]
2012-12-05 17:11:01 Notice: Notice (8): Undefined index: id in [/var/www/cake/shoutblast/views/recipients/index.ctp, line 10]
