2012-12-04 12:13:55 Warning: Warning (512): <span style="color:Red;text-align:left"><b>SQL Error:</b> 1054: Unknown column 'User.username' in 'where clause'</span> in [/usr/share/php/cake/libs/model/datasources/dbo_source.php, line 684]
2012-12-04 12:14:06 Warning: Warning (512): <span style="color:Red;text-align:left"><b>SQL Error:</b> 1054: Unknown column 'User.username' in 'where clause'</span> in [/usr/share/php/cake/libs/model/datasources/dbo_source.php, line 684]
2012-12-04 12:14:49 Warning: Warning (512): <span style="color:Red;text-align:left"><b>SQL Error:</b> 1054: Unknown column 'User.username' in 'where clause'</span> in [/usr/share/php/cake/libs/model/datasources/dbo_source.php, line 684]
2012-12-04 14:41:36 Warning: Warning (512): <span style="color:Red;text-align:left"><b>SQL Error:</b> 1064: You have an error in your SQL syntax; check the manual that corresponds to your MySQL server version for the right syntax to use near 'read    LIMIT 1' at line 1</span> in [/usr/share/php/cake/libs/model/datasources/dbo_source.php, line 684]
2012-12-05 10:45:49 Warning: Warning (512): <span style="color:Red;text-align:left"><b>SQL Error:</b> 1054: Unknown column 'Setting.id' in 'field list'</span> in [/usr/share/php/cake/libs/model/datasources/dbo_source.php, line 684]
2012-12-05 11:02:46 Warning: Warning (512): <span style="color:Red;text-align:left"><b>SQL Error:</b> 1452: Cannot add or update a child row: a foreign key constraint fails (`shoutblast`.`recipients`, CONSTRAINT `recipients_ibfk_1` FOREIGN KEY (`user_id`) REFERENCES `users` (`id`) ON UPDATE CASCADE)</span> in [/usr/share/php/cake/libs/model/datasources/dbo_source.php, line 684]
2012-12-05 15:56:52 Warning: Warning (2): array_merge() [http://php.net/function.array-merge]: Argument #1 is not an array in [/usr/share/php/cake/libs/view/helpers/paginator.php, line 194]
2012-12-05 15:56:52 Warning: Warning (2): array_merge() [http://php.net/function.array-merge]: Argument #1 is not an array in [/usr/share/php/cake/libs/view/helpers/paginator.php, line 378]
2012-12-05 15:56:52 Warning: Warning (2): Invalid argument supplied for foreach() in [/var/www/cake/shoutblast/views/recipients/index.ctp, line 18]
2012-12-05 15:57:38 Warning: Warning (2): array_merge() [http://php.net/function.array-merge]: Argument #1 is not an array in [/usr/share/php/cake/libs/view/helpers/paginator.php, line 194]
2012-12-05 15:57:38 Warning: Warning (2): array_merge() [http://php.net/function.array-merge]: Argument #1 is not an array in [/usr/share/php/cake/libs/view/helpers/paginator.php, line 378]
2012-12-05 15:57:38 Warning: Warning (2): Invalid argument supplied for foreach() in [/var/www/cake/shoutblast/views/recipients/index.ctp, line 18]
2012-12-05 15:57:41 Warning: Warning (2): array_merge() [http://php.net/function.array-merge]: Argument #1 is not an array in [/usr/share/php/cake/libs/view/helpers/paginator.php, line 194]
2012-12-05 15:57:41 Warning: Warning (2): array_merge() [http://php.net/function.array-merge]: Argument #1 is not an array in [/usr/share/php/cake/libs/view/helpers/paginator.php, line 378]
2012-12-05 15:57:41 Warning: Warning (2): Invalid argument supplied for foreach() in [/var/www/cake/shoutblast/views/recipients/index.ctp, line 18]
2012-12-05 15:58:32 Warning: Warning (2): Invalid argument supplied for foreach() in [/var/www/cake/shoutblast/views/recipients/index.ctp, line 18]
2012-12-05 16:02:49 Warning: Warning (4096): Object of class AppModel could not be converted to string in [/var/www/cake/shoutblast/controllers/recipients_controller.php, line 11]
2012-12-05 16:23:01 Warning: Warning (2): Invalid argument supplied for foreach() in [/var/www/cake/shoutblast/views/recipients/index.ctp, line 18]
2012-12-05 16:23:02 Warning: Warning (2): Invalid argument supplied for foreach() in [/var/www/cake/shoutblast/views/recipients/index.ctp, line 18]
2012-12-05 16:25:47 Warning: Warning (2): array_merge() [http://php.net/function.array-merge]: Argument #1 is not an array in [/usr/share/php/cake/libs/view/helpers/paginator.php, line 194]
2012-12-05 16:25:47 Warning: Warning (2): array_merge() [http://php.net/function.array-merge]: Argument #1 is not an array in [/usr/share/php/cake/libs/view/helpers/paginator.php, line 378]
2012-12-05 16:25:47 Warning: Warning (2): Invalid argument supplied for foreach() in [/var/www/cake/shoutblast/views/recipients/index.ctp, line 18]
2012-12-05 16:25:50 Warning: Warning (2): array_merge() [http://php.net/function.array-merge]: Argument #1 is not an array in [/usr/share/php/cake/libs/view/helpers/paginator.php, line 194]
2012-12-05 16:25:50 Warning: Warning (2): array_merge() [http://php.net/function.array-merge]: Argument #1 is not an array in [/usr/share/php/cake/libs/view/helpers/paginator.php, line 378]
2012-12-05 16:25:50 Warning: Warning (2): Invalid argument supplied for foreach() in [/var/www/cake/shoutblast/views/recipients/index.ctp, line 18]
2012-12-05 16:27:44 Warning: Warning (2): Invalid argument supplied for foreach() in [/var/www/cake/shoutblast/views/recipients/index.ctp, line 18]
